thread 'main' panicked at 'explicit panic', ui/consts/unwind-abort.rs:7:5
note: run with `RUST_BACKTRACE=1` environment variable to display a backtrace
thread 'main' panicked at 'panic in a function that cannot unwind', library/core/src/panicking.rs:123:5
stack backtrace:
   0:     0x5650b03dcb2a - std::backtrace_rs::backtrace::libunwind::trace::h2ffcc4c0500c5ad9
                               at /rustc/bd39bbb4bb92df439bf6d85470e296cc6a47ffbd/library/std/src/../../backtrace/src/backtrace/libunwind.rs:93:5
   1:     0x5650b03dcb2a - std::backtrace_rs::backtrace::trace_unsynchronized::hab5d39877c4abb06
                               at /rustc/bd39bbb4bb92df439bf6d85470e296cc6a47ffbd/library/std/src/../../backtrace/src/backtrace/mod.rs:66:5
   2:     0x5650b03dcb2a - std::sys_common::backtrace::_print_fmt::h8bd311ef05a8cb59
                               at /rustc/bd39bbb4bb92df439bf6d85470e296cc6a47ffbd/library/std/src/sys_common/backtrace.rs:65:5
   3:     0x5650b03dcb2a - <std::sys_common::backtrace::_print::DisplayBacktrace as core::fmt::Display>::fmt::hcb3892a549b368a5
                               at /rustc/bd39bbb4bb92df439bf6d85470e296cc6a47ffbd/library/std/src/sys_common/backtrace.rs:44:22
   4:     0x5650b03f6abe - core::fmt::write::h6e42ee829391b70d
                               at /rustc/bd39bbb4bb92df439bf6d85470e296cc6a47ffbd/library/core/src/fmt/mod.rs:1232:17
   5:     0x5650b03dacb5 - std::io::Write::write_fmt::h839e38b2358b47cc
                               at /rustc/bd39bbb4bb92df439bf6d85470e296cc6a47ffbd/library/std/src/io/mod.rs:1684:15
   6:     0x5650b03dc8f5 - std::sys_common::backtrace::_print::hd7cd8a93c03b46fd
                               at /rustc/bd39bbb4bb92df439bf6d85470e296cc6a47ffbd/library/std/src/sys_common/backtrace.rs:47:5
   7:     0x5650b03dc8f5 - std::sys_common::backtrace::print::hc55edb2244262730
                               at /rustc/bd39bbb4bb92df439bf6d85470e296cc6a47ffbd/library/std/src/sys_common/backtrace.rs:34:9
   8:     0x5650b03ddf7f - std::panicking::default_hook::{{closure}}::h320a4379652e33de
                               at /rustc/bd39bbb4bb92df439bf6d85470e296cc6a47ffbd/library/std/src/panicking.rs:267:22
   9:     0x5650b03ddcbb - std::panicking::default_hook::hb941518a82c8aed5
                               at /rustc/bd39bbb4bb92df439bf6d85470e296cc6a47ffbd/library/std/src/panicking.rs:286:9
  10:     0x5650b03de689 - std::panicking::rust_panic_with_hook::hfca19a852115f92d
                               at /rustc/bd39bbb4bb92df439bf6d85470e296cc6a47ffbd/library/std/src/panicking.rs:688:13
  11:     0x5650b03de3e2 - std::panicking::begin_panic_handler::{{closure}}::h1b61e686e4f70f35
                               at /rustc/bd39bbb4bb92df439bf6d85470e296cc6a47ffbd/library/std/src/panicking.rs:577:13
  12:     0x5650b03dcfdc - std::sys_common::backtrace::__rust_end_short_backtrace::h237c384ace29a3bc
                               at /rustc/bd39bbb4bb92df439bf6d85470e296cc6a47ffbd/library/std/src/sys_common/backtrace.rs:137:18
  13:     0x5650b03de132 - rust_begin_unwind
                               at /rustc/bd39bbb4bb92df439bf6d85470e296cc6a47ffbd/library/std/src/panicking.rs:575:5
  14:     0x5650b03c4d93 - core::panicking::panic_nounwind_fmt::hd765fedf31245046
                               at /rustc/bd39bbb4bb92df439bf6d85470e296cc6a47ffbd/library/core/src/panicking.rs:93:14
  15:     0x5650b03c4e41 - core::panicking::panic_nounwind::h3d39996a94c7d1ab
                               at /rustc/bd39bbb4bb92df439bf6d85470e296cc6a47ffbd/library/core/src/panicking.rs:123:5
  16:     0x5650b03c4ee3 - core::panicking::panic_cannot_unwind::h9949bf8edb114962
                               at /rustc/bd39bbb4bb92df439bf6d85470e296cc6a47ffbd/library/core/src/panicking.rs:171:5
  17:     0x5650b03c57c7 - unwind_abort::foo::hae75aff7c02579e7
  18:     0x5650b03c57e6 - unwind_abort::bar::h9ce4178221c64e53
  19:     0x5650b03c57f6 - unwind_abort::main::h6c40cb20a460813c
  20:     0x5650b03c5643 - core::ops::function::FnOnce::call_once::h23002a80d5e85bc7
  21:     0x5650b03c5999 - std::sys_common::backtrace::__rust_begin_short_backtrace::h8c85115e5c41e0b0
  22:     0x5650b03c5869 - std::rt::lang_start::{{closure}}::h6739e55d07cfb936
  23:     0x5650b03d8fac - core::ops::function::impls::<impl core::ops::function::FnOnce<A> for &F>::call_once::hca8abd1dfabda330
                               at /rustc/bd39bbb4bb92df439bf6d85470e296cc6a47ffbd/library/core/src/ops/function.rs:287:13
  24:     0x5650b03d8fac - std::panicking::try::do_call::hf0f324f5844a948e
                               at /rustc/bd39bbb4bb92df439bf6d85470e296cc6a47ffbd/library/std/src/panicking.rs:483:40
  25:     0x5650b03d8fac - std::panicking::try::h467e04f512490637
                               at /rustc/bd39bbb4bb92df439bf6d85470e296cc6a47ffbd/library/std/src/panicking.rs:447:19
  26:     0x5650b03d8fac - std::panic::catch_unwind::hcdb44acfc0e0520e
                               at /rustc/bd39bbb4bb92df439bf6d85470e296cc6a47ffbd/library/std/src/panic.rs:140:14
  27:     0x5650b03d8fac - std::rt::lang_start_internal::{{closure}}::h0ea4de3575c4f764
                               at /rustc/bd39bbb4bb92df439bf6d85470e296cc6a47ffbd/library/std/src/rt.rs:148:48
  28:     0x5650b03d8fac - std::panicking::try::do_call::hc2d0a5aa1d9e393a
                               at /rustc/bd39bbb4bb92df439bf6d85470e296cc6a47ffbd/library/std/src/panicking.rs:483:40
  29:     0x5650b03d8fac - std::panicking::try::hfd0003b69c51a282
                               at /rustc/bd39bbb4bb92df439bf6d85470e296cc6a47ffbd/library/std/src/panicking.rs:447:19
  30:     0x5650b03d8fac - std::panic::catch_unwind::hd029bda7cf35616e
                               at /rustc/bd39bbb4bb92df439bf6d85470e296cc6a47ffbd/library/std/src/panic.rs:140:14
  31:     0x5650b03d8fac - std::rt::lang_start_internal::h9b4079bd0d4110ae
                               at /rustc/bd39bbb4bb92df439bf6d85470e296cc6a47ffbd/library/std/src/rt.rs:148:20
  32:     0x5650b03c5847 - std::rt::lang_start::h2d19628bced29a50
  33:     0x5650b03c5815 - main
  34:     0x7fa50362a290 - <unknown>
  35:     0x7fa50362a34a - __libc_start_main
  36:     0x5650b03c5285 - _start
  37:                0x0 - <unknown>
thread caused non-unwinding panic. aborting.
timeout: the monitored command dumped core
